# JRE version: Java(TM) SE Runtime Environment (8.0_73-b02) (build 1.8.0_73-b02)
# Java VM: Java HotSpot(TM) 64-Bit Server VM (25.73-b02 mixed mode bsd-amd64 compressed oops)
Heap:
 PSYoungGen      total 117760K, used 8473K [0x000000076ab00000, 0x0000000775380000, 0x00000007c0000000)
  eden space 96768K, 8% used [0x000000076ab00000,0x000000076b3467b0,0x0000000770980000)
  from space 20992K, 0% used [0x0000000770980000,0x0000000770980000,0x0000000771e00000)
  to   space 21504K, 0% used [0x0000000773e80000,0x0000000773e80000,0x0000000775380000)
 ParOldGen       total 205312K, used 30393K [0x00000006c0000000, 0x00000006cc880000, 0x000000076ab00000)
  object space 205312K, 14% used [0x00000006c0000000,0x00000006c1dae750,0x00000006cc880000)
 Metaspace       used 35167K, capacity 35852K, committed 36136K, reserved 1081344K
  class space    used 4335K, capacity 4567K, committed 4648K, reserved 1048576K
GC Heap History (10 events):
Event: 16.299 GC heap before
{Heap before GC invocations=7 (full 1):
 PSYoungGen      total 80896K, used 16374K [0x000000076ab00000, 0x0000000770e00000, 0x00000007c0000000)
  eden space 62464K, 0% used [0x000000076ab00000,0x000000076ab00000,0x000000076e800000)
  from space 18432K, 88% used [0x000000076fc00000,0x0000000770bfd848,0x0000000770e00000)
  to   space 19456K, 0% used [0x000000076e800000,0x000000076e800000,0x000000076fb00000)
 ParOldGen       total 175104K, used 16211K [0x00000006c0000000, 0x00000006cab00000, 0x000000076ab00000)
  object space 175104K, 9% used [0x00000006c0000000,0x00000006c0fd4f50,0x00000006cab00000)
 Metaspace       used 20585K, capacity 21094K, committed 21296K, reserved 1069056K
  class space    used 2466K, capacity 2635K, committed 2688K, reserved 1048576K
Event: 16.434 GC heap after
Heap after GC invocations=7 (full 1):
 PSYoungGen      total 80896K, used 0K [0x000000076ab00000, 0x0000000770e00000, 0x00000007c0000000)
  eden space 62464K, 0% used [0x000000076ab00000,0x000000076ab00000,0x000000076e800000)
  from space 18432K, 0% used [0x000000076fc00000,0x000000076fc00000,0x0000000770e00000)
  to   space 19456K, 0% used [0x000000076e800000,0x000000076e800000,0x000000076fb00000)
 ParOldGen       total 134656K, used 28166K [0x00000006c0000000, 0x00000006c8380000, 0x000000076ab00000)
  object space 134656K, 20% used [0x00000006c0000000,0x00000006c1b81890,0x00000006c8380000)
 Metaspace       used 20585K, capacity 21094K, committed 21296K, reserved 1069056K
  class space    used 2466K, capacity 2635K, committed 2688K, reserved 1048576K
}
Event: 17.315 GC heap before
{Heap before GC invocations=8 (full 1):
 PSYoungGen      total 80896K, used 62464K [0x000000076ab00000, 0x0000000770e00000, 0x00000007c0000000)
  eden space 62464K, 100% used [0x000000076ab00000,0x000000076e800000,0x000000076e800000)
  from space 18432K, 0% used [0x000000076fc00000,0x000000076fc00000,0x0000000770e00000)
  to   space 19456K, 0% used [0x000000076e800000,0x000000076e800000,0x000000076fb00000)
 ParOldGen       total 134656K, used 28166K [0x00000006c0000000, 0x00000006c8380000, 0x000000076ab00000)
  object space 134656K, 20% used [0x00000006c0000000,0x00000006c1b81890,0x00000006c8380000)
 Metaspace       used 25778K, capacity 26252K, committed 26368K, reserved 1073152K
  class space    used 3133K, capacity 3308K, committed 3328K, reserved 1048576K
Event: 17.330 GC heap after
Heap after GC invocations=8 (full 1):
 PSYoungGen      total 81920K, used 5704K [0x000000076ab00000, 0x0000000773280000, 0x00000007c0000000)
  eden space 62464K, 0% used [0x000000076ab00000,0x000000076ab00000,0x000000076e800000)
  from space 19456K, 29% used [0x000000076e800000,0x000000076ed922c8,0x000000076fb00000)
  to   space 20992K, 0% used [0x0000000771e00000,0x0000000771e00000,0x0000000773280000)
 ParOldGen       total 134656K, used 28174K [0x00000006c0000000, 0x00000006c8380000, 0x000000076ab00000)
  object space 134656K, 20% used [0x00000006c0000000,0x00000006c1b83890,0x00000006c8380000)
 Metaspace       used 25778K, capacity 26252K, committed 26368K, reserved 1073152K
  class space    used 3133K, capacity 3308K, committed 3328K, reserved 1048576K
}
Event: 18.072 GC heap before
{Heap before GC invocations=9 (full 1):
 PSYoungGen      total 81920K, used 68168K [0x000000076ab00000, 0x0000000773280000, 0x00000007c0000000)
  eden space 62464K, 100% used [0x000000076ab00000,0x000000076e800000,0x000000076e800000)
  from space 19456K, 29% used [0x000000076e800000,0x000000076ed922c8,0x000000076fb00000)
  to   space 20992K, 0% used [0x0000000771e00000,0x0000000771e00000,0x0000000773280000)
 ParOldGen       total 134656K, used 28174K [0x00000006c0000000, 0x00000006c8380000, 0x000000076ab00000)
  object space 134656K, 20% used [0x00000006c0000000,0x00000006c1b83890,0x00000006c8380000)
 Metaspace       used 31886K, capacity 32468K, committed 32640K, reserved 1077248K
  class space    used 3883K, capacity 4099K, committed 4224K, reserved 1048576K
Event: 18.082 GC heap after
Heap after GC invocations=9 (full 1):
 PSYoungGen      total 117760K, used 6837K [0x000000076ab00000, 0x0000000773380000, 0x00000007c0000000)
  eden space 96768K, 0% used [0x000000076ab00000,0x000000076ab00000,0x0000000770980000)
  from space 20992K, 32% used [0x0000000771e00000,0x00000007724ad670,0x0000000773280000)
  to   space 20992K, 0% used [0x0000000770980000,0x0000000770980000,0x0000000771e00000)
 ParOldGen       total 134656K, used 28246K [0x00000006c0000000, 0x00000006c8380000, 0x000000076ab00000)
  object space 134656K, 20% used [0x00000006c0000000,0x00000006c1b958a0,0x00000006c8380000)
 Metaspace       used 31886K, capacity 32468K, committed 32640K, reserved 1077248K
  class space    used 3883K, capacity 4099K, committed 4224K, reserved 1048576K
}
Event: 18.828 GC heap before
{Heap before GC invocations=10 (full 1):
 PSYoungGen      total 117760K, used 58907K [0x000000076ab00000, 0x0000000773380000, 0x00000007c0000000)
  eden space 96768K, 53% used [0x000000076ab00000,0x000000076ddd9648,0x0000000770980000)
  from space 20992K, 32% used [0x0000000771e00000,0x00000007724ad670,0x0000000773280000)
  to   space 20992K, 0% used [0x0000000770980000,0x0000000770980000,0x0000000771e00000)
 ParOldGen       total 134656K, used 28246K [0x00000006c0000000, 0x00000006c8380000, 0x000000076ab00000)
  object space 134656K, 20% used [0x00000006c0000000,0x00000006c1b958a0,0x00000006c8380000)
 Metaspace       used 34717K, capacity 35340K, committed 35496K, reserved 1081344K
  class space    used 4271K, capacity 4503K, committed 4520K, reserved 1048576K
Event: 18.836 GC heap after
Heap after GC invocations=10 (full 1):
 PSYoungGen      total 117760K, used 6170K [0x000000076ab00000, 0x0000000775380000, 0x00000007c0000000)
  eden space 96768K, 0% used [0x000000076ab00000,0x000000076ab00000,0x0000000770980000)
  from space 20992K, 29% used [0x0000000770980000,0x0000000770f86bc8,0x0000000771e00000)
  to   space 21504K, 0% used [0x0000000773e80000,0x0000000773e80000,0x0000000775380000)
 ParOldGen       total 134656K, used 28254K [0x00000006c0000000, 0x00000006c8380000, 0x000000076ab00000)
  object space 134656K, 20% used [0x00000006c0000000,0x00000006c1b978a0,0x00000006c8380000)
 Metaspace       used 34717K, capacity 35340K, committed 35496K, reserved 1081344K
  class space    used 4271K, capacity 4503K, committed 4520K, reserved 1048576K
}
Event: 18.836 GC heap before
{Heap before GC invocations=11 (full 2):
 PSYoungGen      total 117760K, used 6170K [0x000000076ab00000, 0x0000000775380000, 0x00000007c0000000)
  eden space 96768K, 0% used [0x000000076ab00000,0x000000076ab00000,0x0000000770980000)
  from space 20992K, 29% used [0x0000000770980000,0x0000000770f86bc8,0x0000000771e00000)
  to   space 21504K, 0% used [0x0000000773e80000,0x0000000773e80000,0x0000000775380000)
 ParOldGen       total 134656K, used 28254K [0x00000006c0000000, 0x00000006c8380000, 0x000000076ab00000)
  object space 134656K, 20% used [0x00000006c0000000,0x00000006c1b978a0,0x00000006c8380000)
 Metaspace       used 34717K, capacity 35340K, committed 35496K, reserved 1081344K
  class space    used 4271K, capacity 4503K, committed 4520K, reserved 1048576K
Event: 18.938 GC heap after
Heap after GC invocations=11 (full 2):
 PSYoungGen      total 117760K, used 0K [0x000000076ab00000, 0x0000000775380000, 0x00000007c0000000)
  eden space 96768K, 0% used [0x000000076ab00000,0x000000076ab00000,0x0000000770980000)
  from space 20992K, 0% used [0x0000000770980000,0x0000000770980000,0x0000000771e00000)
  to   space 21504K, 0% used [0x0000000773e80000,0x0000000773e80000,0x0000000775380000)
 ParOldGen       total 205312K, used 30393K [0x00000006c0000000, 0x00000006cc880000, 0x000000076ab00000)
  object space 205312K, 14% used [0x00000006c0000000,0x00000006c1dae750,0x00000006cc880000)
 Metaspace       used 34717K, capacity 35340K, committed 35496K, reserved 1081344K
  class space    used 4271K, capacity 4503K, committed 4520K, reserved 1048576K
}

